The system is: Linux - 4.13.7-27.current - x86_64
Compiling the C compiler identification source file "CMakeCCompilerId.c" succeeded.
Compiler: /usr/bin/cc 
Build flags: -g2;-O3;-pipe;-fPIC;-Wformat;-Wformat-security;-fno-omit-frame-pointer;-fexceptions;-D_FORTIFY_SOURCE=2;-fstack-protector;--param;ssp-buffer-size=32;-fasynchronous-unwind-tables;-ftree-vectorize;-feliminate-unused-debug-types;-Wall;-Wno-error;-Wp,-D_REENTRANT
Id flags:  

The output was:
0


Compilation of the C compiler identification source "CMakeCCompilerId.c" produced "a.out"

The C compiler identification is GNU, found in "/home/daniel/Documents/IPMiniProject/CMakeFiles/3.8.2/CompilerIdC/a.out"

Compiling the CXX compiler identification source file "CMakeCXXCompilerId.cpp" succeeded.
Compiler: /usr/bin/c++ 
Build flags: -g2;-O3;-pipe;-fPIC;-fno-omit-frame-pointer;-fexceptions;-D_FORTIFY_SOURCE=2;-fstack-protector;--param;ssp-buffer-size=32;-fasynchronous-unwind-tables;-ftree-vectorize;-feliminate-unused-debug-types;-Wall;-Wno-error;-Wp,-D_REENTRANT
Id flags:  

The output was:
0


Compilation of the CXX compiler identification source "CMakeCXXCompilerId.cpp" produced "a.out"

The CXX compiler identification is GNU, found in "/home/daniel/Documents/IPMiniProject/CMakeFiles/3.8.2/CompilerIdCXX/a.out"

Determining if the C compiler works passed with the following output:
Change Dir: /home/daniel/Documents/IPMiniProject/CMakeFiles/CMakeTmp

Run Build Command:"/usr/bin/gmake" "cmTC_cde34/fast"
/usr/bin/gmake -f CMakeFiles/cmTC_cde34.dir/build.make CMakeFiles/cmTC_cde34.dir/build
gmake[1]: Entering directory '/home/daniel/Documents/IPMiniProject/CMakeFiles/CMakeTmp'
Building C object CMakeFiles/cmTC_cde34.dir/testCCompiler.c.o
/usr/bin/cc   -g2 -O3 -pipe -fPIC -Wformat -Wformat-security -fno-omit-frame-pointer -fexceptions -D_FORTIFY_SOURCE=2 -fstack-protector --param ssp-buffer-size=32 -fasynchronous-unwind-tables -ftree-vectorize -feliminate-unused-debug-types -Wall -Wno-error -Wp,-D_REENTRANT    -o CMakeFiles/cmTC_cde34.dir/testCCompiler.c.o   -c /home/daniel/Documents/IPMiniProject/CMakeFiles/CMakeTmp/testCCompiler.c
Linking C executable cmTC_cde34
/usr/bin/cmake -E cmake_link_script CMakeFiles/cmTC_cde34.dir/link.txt --verbose=1
/usr/bin/cc -g2 -O3 -pipe -fPIC -Wformat -Wformat-security -fno-omit-frame-pointer -fexceptions -D_FORTIFY_SOURCE=2 -fstack-protector --param ssp-buffer-size=32 -fasynchronous-unwind-tables -ftree-vectorize -feliminate-unused-debug-types -Wall -Wno-error -Wp,-D_REENTRANT   -Wl,-z,relro -Wl,-z,now  CMakeFiles/cmTC_cde34.dir/testCCompiler.c.o  -o cmTC_cde34 
gmake[1]: Leaving directory '/home/daniel/Documents/IPMiniProject/CMakeFiles/CMakeTmp'


Detecting C compiler ABI info compiled with the following output:
Change Dir: /home/daniel/Documents/IPMiniProject/CMakeFiles/CMakeTmp

Run Build Command:"/usr/bin/gmake" "cmTC_94c2c/fast"
/usr/bin/gmake -f CMakeFiles/cmTC_94c2c.dir/build.make CMakeFiles/cmTC_94c2c.dir/build
gmake[1]: Entering directory '/home/daniel/Documents/IPMiniProject/CMakeFiles/CMakeTmp'
Building C object CMakeFiles/cmTC_94c2c.dir/CMakeCCompilerABI.c.o
/usr/bin/cc   -g2 -O3 -pipe -fPIC -Wformat -Wformat-security -fno-omit-frame-pointer -fexceptions -D_FORTIFY_SOURCE=2 -fstack-protector --param ssp-buffer-size=32 -fasynchronous-unwind-tables -ftree-vectorize -feliminate-unused-debug-types -Wall -Wno-error -Wp,-D_REENTRANT    -o CMakeFiles/cmTC_94c2c.dir/CMakeCCompilerABI.c.o   -c /usr/share/cmake-3.8/Modules/CMakeCCompilerABI.c
Linking C executable cmTC_94c2c
/usr/bin/cmake -E cmake_link_script CMakeFiles/cmTC_94c2c.dir/link.txt --verbose=1
/usr/bin/cc -g2 -O3 -pipe -fPIC -Wformat -Wformat-security -fno-omit-frame-pointer -fexceptions -D_FORTIFY_SOURCE=2 -fstack-protector --param ssp-buffer-size=32 -fasynchronous-unwind-tables -ftree-vectorize -feliminate-unused-debug-types -Wall -Wno-error -Wp,-D_REENTRANT   -Wl,-z,relro -Wl,-z,now -v CMakeFiles/cmTC_94c2c.dir/CMakeCCompilerABI.c.o  -o cmTC_94c2c 
Using built-in specs.
COLLECT_GCC=/usr/bin/cc
COLLECT_LTO_WRAPPER=/usr/lib64/gcc/x86_64-solus-linux/6.4.0/lto-wrapper
Target: x86_64-solus-linux
Configured with: ../gcc-6.4.0/configure --prefix=/usr --with-pkgversion=Solus --libdir=/usr/lib64 --libexecdir=/usr/lib64 --with-system-zlib --enable-shared --enable-threads=posix --enable-gnu-indirect-function --enable-__cxa_atexit --enable-plugin --enable-gold --enable-ld=default --enable-clocale=gnu --enable-multilib --with-multilib-list=m32,m64 --enable-lto --with-bugurl=https://dev.solus-project.com/ --with-arch_32=i686 --enable-linker-build-id --build=x86_64-solus-linux --target=x86_64-solus-linux --enable-languages=c,c++,fortran
Thread model: posix
gcc version 6.4.0 (Solus) 
COMPILER_PATH=/usr/lib64/gcc/x86_64-solus-linux/6.4.0/:/usr/lib64/gcc/x86_64-solus-linux/6.4.0/:/usr/lib64/gcc/x86_64-solus-linux/:/usr/lib64/gcc/x86_64-solus-linux/6.4.0/:/usr/lib64/gcc/x86_64-solus-linux/
LIBRARY_PATH=/usr/lib64/gcc/x86_64-solus-linux/6.4.0/:/usr/lib64/gcc/x86_64-solus-linux/6.4.0/../../../../lib64/:/lib/../lib64/:/usr/lib/../lib64/:/usr/lib64/gcc/x86_64-solus-linux/6.4.0/../../../:/lib/:/usr/lib/
COLLECT_GCC_OPTIONS='-g2' '-O3' '-pipe' '-fPIC' '-Wformat=1' '-Wformat-security' '-fno-omit-frame-pointer' '-fexceptions' '-D' '_FORTIFY_SOURCE=2' '-fstack-protector' '--param' 'ssp-buffer-size=32' '-fasynchronous-unwind-tables' '-ftree-vectorize' '-feliminate-unused-debug-types' '-Wall' '-Wno-error' '-v' '-o' 'cmTC_94c2c' '-mtune=generic' '-march=x86-64'
 /usr/lib64/gcc/x86_64-solus-linux/6.4.0/collect2 -plugin /usr/lib64/gcc/x86_64-solus-linux/6.4.0/liblto_plugin.so -plugin-opt=/usr/lib64/gcc/x86_64-solus-linux/6.4.0/lto-wrapper -plugin-opt=-fresolution=/tmp/ccUT7Q6k.res -plugin-opt=-pass-through=-lgcc -plugin-opt=-pass-through=-lgcc_s -plugin-opt=-pass-through=-lc -plugin-opt=-pass-through=-lgcc -plugin-opt=-pass-through=-lgcc_s --build-id --eh-frame-hdr -m elf_x86_64 -dynamic-linker /usr/lib64/ld-linux-x86-64.so.2 -o cmTC_94c2c /usr/lib64/gcc/x86_64-solus-linux/6.4.0/../../../../lib64/crt1.o /usr/lib64/gcc/x86_64-solus-linux/6.4.0/../../../../lib64/crti.o /usr/lib64/gcc/x86_64-solus-linux/6.4.0/crtbegin.o -L/usr/lib64/gcc/x86_64-solus-linux/6.4.0 -L/usr/lib64/gcc/x86_64-solus-linux/6.4.0/../../../../lib64 -L/lib/../lib64 -L/usr/lib/../lib64 -L/usr/lib64/gcc/x86_64-solus-linux/6.4.0/../../.. -z relro -z now CMakeFiles/cmTC_94c2c.dir/CMakeCCompilerABI.c.o -lgcc --as-needed -lgcc_s --no-as-needed -lc -lgcc --as-needed -lgcc_s --no-as-needed /usr/lib64/gcc/x86_64-solus-linux/6.4.0/crtend.o /usr/lib64/gcc/x86_64-solus-linux/6.4.0/../../../../lib64/crtn.o
COLLECT_GCC_OPTIONS='-g2' '-O3' '-pipe' '-fPIC' '-Wformat=1' '-Wformat-security' '-fno-omit-frame-pointer' '-fexceptions' '-D' '_FORTIFY_SOURCE=2' '-fstack-protector' '--param' 'ssp-buffer-size=32' '-fasynchronous-unwind-tables' '-ftree-vectorize' '-feliminate-unused-debug-types' '-Wall' '-Wno-error' '-v' '-o' 'cmTC_94c2c' '-mtune=generic' '-march=x86-64'
gmake[1]: Leaving directory '/home/daniel/Documents/IPMiniProject/CMakeFiles/CMakeTmp'


Parsed C implicit link information from above output:
  link line regex: [^( *|.*[/\])(ld|([^/\]+-)?ld|collect2)[^/\]*( |$)]
  ignore line: [Change Dir: /home/daniel/Documents/IPMiniProject/CMakeFiles/CMakeTmp]
  ignore line: []
  ignore line: [Run Build Command:"/usr/bin/gmake" "cmTC_94c2c/fast"]
  ignore line: [/usr/bin/gmake -f CMakeFiles/cmTC_94c2c.dir/build.make CMakeFiles/cmTC_94c2c.dir/build]
  ignore line: [gmake[1]: Entering directory '/home/daniel/Documents/IPMiniProject/CMakeFiles/CMakeTmp']
  ignore line: [Building C object CMakeFiles/cmTC_94c2c.dir/CMakeCCompilerABI.c.o]
  ignore line: [/usr/bin/cc   -g2 -O3 -pipe -fPIC -Wformat -Wformat-security -fno-omit-frame-pointer -fexceptions -D_FORTIFY_SOURCE=2 -fstack-protector --param ssp-buffer-size=32 -fasynchronous-unwind-tables -ftree-vectorize -feliminate-unused-debug-types -Wall -Wno-error -Wp,-D_REENTRANT    -o CMakeFiles/cmTC_94c2c.dir/CMakeCCompilerABI.c.o   -c /usr/share/cmake-3.8/Modules/CMakeCCompilerABI.c]
  ignore line: [Linking C executable cmTC_94c2c]
  ignore line: [/usr/bin/cmake -E cmake_link_script CMakeFiles/cmTC_94c2c.dir/link.txt --verbose=1]
  ignore line: [/usr/bin/cc -g2 -O3 -pipe -fPIC -Wformat -Wformat-security -fno-omit-frame-pointer -fexceptions -D_FORTIFY_SOURCE=2 -fstack-protector --param ssp-buffer-size=32 -fasynchronous-unwind-tables -ftree-vectorize -feliminate-unused-debug-types -Wall -Wno-error -Wp,-D_REENTRANT   -Wl,-z,relro -Wl,-z,now -v CMakeFiles/cmTC_94c2c.dir/CMakeCCompilerABI.c.o  -o cmTC_94c2c ]
  ignore line: [Using built-in specs.]
  ignore line: [COLLECT_GCC=/usr/bin/cc]
  ignore line: [COLLECT_LTO_WRAPPER=/usr/lib64/gcc/x86_64-solus-linux/6.4.0/lto-wrapper]
  ignore line: [Target: x86_64-solus-linux]
  ignore line: [Configured with: ../gcc-6.4.0/configure --prefix=/usr --with-pkgversion=Solus --libdir=/usr/lib64 --libexecdir=/usr/lib64 --with-system-zlib --enable-shared --enable-threads=posix --enable-gnu-indirect-function --enable-__cxa_atexit --enable-plugin --enable-gold --enable-ld=default --enable-clocale=gnu --enable-multilib --with-multilib-list=m32,m64 --enable-lto --with-bugurl=https://dev.solus-project.com/ --with-arch_32=i686 --enable-linker-build-id --build=x86_64-solus-linux --target=x86_64-solus-linux --enable-languages=c,c++,fortran]
  ignore line: [Thread model: posix]
  ignore line: [gcc version 6.4.0 (Solus) ]
  ignore line: [COMPILER_PATH=/usr/lib64/gcc/x86_64-solus-linux/6.4.0/:/usr/lib64/gcc/x86_64-solus-linux/6.4.0/:/usr/lib64/gcc/x86_64-solus-linux/:/usr/lib64/gcc/x86_64-solus-linux/6.4.0/:/usr/lib64/gcc/x86_64-solus-linux/]
  ignore line: [LIBRARY_PATH=/usr/lib64/gcc/x86_64-solus-linux/6.4.0/:/usr/lib64/gcc/x86_64-solus-linux/6.4.0/../../../../lib64/:/lib/../lib64/:/usr/lib/../lib64/:/usr/lib64/gcc/x86_64-solus-linux/6.4.0/../../../:/lib/:/usr/lib/]
  ignore line: [COLLECT_GCC_OPTIONS='-g2' '-O3' '-pipe' '-fPIC' '-Wformat=1' '-Wformat-security' '-fno-omit-frame-pointer' '-fexceptions' '-D' '_FORTIFY_SOURCE=2' '-fstack-protector' '--param' 'ssp-buffer-size=32' '-fasynchronous-unwind-tables' '-ftree-vectorize' '-feliminate-unused-debug-types' '-Wall' '-Wno-error' '-v' '-o' 'cmTC_94c2c' '-mtune=generic' '-march=x86-64']
  link line: [ /usr/lib64/gcc/x86_64-solus-linux/6.4.0/collect2 -plugin /usr/lib64/gcc/x86_64-solus-linux/6.4.0/liblto_plugin.so -plugin-opt=/usr/lib64/gcc/x86_64-solus-linux/6.4.0/lto-wrapper -plugin-opt=-fresolution=/tmp/ccUT7Q6k.res -plugin-opt=-pass-through=-lgcc -plugin-opt=-pass-through=-lgcc_s -plugin-opt=-pass-through=-lc -plugin-opt=-pass-through=-lgcc -plugin-opt=-pass-through=-lgcc_s --build-id --eh-frame-hdr -m elf_x86_64 -dynamic-linker /usr/lib64/ld-linux-x86-64.so.2 -o cmTC_94c2c /usr/lib64/gcc/x86_64-solus-linux/6.4.0/../../../../lib64/crt1.o /usr/lib64/gcc/x86_64-solus-linux/6.4.0/../../../../lib64/crti.o /usr/lib64/gcc/x86_64-solus-linux/6.4.0/crtbegin.o -L/usr/lib64/gcc/x86_64-solus-linux/6.4.0 -L/usr/lib64/gcc/x86_64-solus-linux/6.4.0/../../../../lib64 -L/lib/../lib64 -L/usr/lib/../lib64 -L/usr/lib64/gcc/x86_64-solus-linux/6.4.0/../../.. -z relro -z now CMakeFiles/cmTC_94c2c.dir/CMakeCCompilerABI.c.o -lgcc --as-needed -lgcc_s --no-as-needed -lc -lgcc --as-needed -lgcc_s --no-as-needed /usr/lib64/gcc/x86_64-solus-linux/6.4.0/crtend.o /usr/lib64/gcc/x86_64-solus-linux/6.4.0/../../../../lib64/crtn.o]
    arg [/usr/lib64/gcc/x86_64-solus-linux/6.4.0/collect2] ==> ignore
    arg [-plugin] ==> ignore
    arg [/usr/lib64/gcc/x86_64-solus-linux/6.4.0/liblto_plugin.so] ==> ignore
    arg [-plugin-opt=/usr/lib64/gcc/x86_64-solus-linux/6.4.0/lto-wrapper] ==> ignore
    arg [-plugin-opt=-fresolution=/tmp/ccUT7Q6k.res] ==> ignore
    arg [-plugin-opt=-pass-through=-lgcc] ==> ignore
    arg [-plugin-opt=-pass-through=-lgcc_s] ==> ignore
    arg [-plugin-opt=-pass-through=-lc] ==> ignore
    arg [-plugin-opt=-pass-through=-lgcc] ==> ignore
    arg [-plugin-opt=-pass-through=-lgcc_s] ==> ignore
    arg [--build-id] ==> ignore
    arg [--eh-frame-hdr] ==> ignore
    arg [-m] ==> ignore
    arg [elf_x86_64] ==> ignore
    arg [-dynamic-linker] ==> ignore
    arg [/usr/lib64/ld-linux-x86-64.so.2] ==> ignore
    arg [-o] ==> ignore
    arg [cmTC_94c2c] ==> ignore
    arg [/usr/lib64/gcc/x86_64-solus-linux/6.4.0/../../../../lib64/crt1.o] ==> ignore
    arg [/usr/lib64/gcc/x86_64-solus-linux/6.4.0/../../../../lib64/crti.o] ==> ignore
    arg [/usr/lib64/gcc/x86_64-solus-linux/6.4.0/crtbegin.o] ==> ignore
    arg [-L/usr/lib64/gcc/x86_64-solus-linux/6.4.0] ==> dir [/usr/lib64/gcc/x86_64-solus-linux/6.4.0]
    arg [-L/usr/lib64/gcc/x86_64-solus-linux/6.4.0/../../../../lib64] ==> dir [/usr/lib64/gcc/x86_64-solus-linux/6.4.0/../../../../lib64]
    arg [-L/lib/../lib64] ==> dir [/lib/../lib64]
    arg [-L/usr/lib/../lib64] ==> dir [/usr/lib/../lib64]
    arg [-L/usr/lib64/gcc/x86_64-solus-linux/6.4.0/../../..] ==> dir [/usr/lib64/gcc/x86_64-solus-linux/6.4.0/../../..]
    arg [-zrelro] ==> ignore
    arg [-znow] ==> ignore
    arg [CMakeFiles/cmTC_94c2c.dir/CMakeCCompilerABI.c.o] ==> ignore
    arg [-lgcc] ==> lib [gcc]
    arg [--as-needed] ==> ignore
    arg [-lgcc_s] ==> lib [gcc_s]
    arg [--no-as-needed] ==> ignore
    arg [-lc] ==> lib [c]
    arg [-lgcc] ==> lib [gcc]
    arg [--as-needed] ==> ignore
    arg [-lgcc_s] ==> lib [gcc_s]
    arg [--no-as-needed] ==> ignore
    arg [/usr/lib64/gcc/x86_64-solus-linux/6.4.0/crtend.o] ==> ignore
    arg [/usr/lib64/gcc/x86_64-solus-linux/6.4.0/../../../../lib64/crtn.o] ==> ignore
  remove lib [gcc]
  remove lib [gcc_s]
  remove lib [gcc]
  remove lib [gcc_s]
  collapse library dir [/usr/lib64/gcc/x86_64-solus-linux/6.4.0] ==> [/usr/lib64/gcc/x86_64-solus-linux/6.4.0]
  collapse library dir [/usr/lib64/gcc/x86_64-solus-linux/6.4.0/../../../../lib64] ==> [/usr/lib64]
  collapse library dir [/lib/../lib64] ==> [/lib64]
  collapse library dir [/usr/lib/../lib64] ==> [/usr/lib64]
  collapse library dir [/usr/lib64/gcc/x86_64-solus-linux/6.4.0/../../..] ==> [/usr/lib64]
  implicit libs: [c]
  implicit dirs: [/usr/lib64/gcc/x86_64-solus-linux/6.4.0;/usr/lib64;/lib64]
  implicit fwks: []




Detecting C [-std=c11] compiler features compiled with the following output:
Change Dir: /home/daniel/Documents/IPMiniProject/CMakeFiles/CMakeTmp

Run Build Command:"/usr/bin/gmake" "cmTC_f67df/fast"
/usr/bin/gmake -f CMakeFiles/cmTC_f67df.dir/build.make CMakeFiles/cmTC_f67df.dir/build
gmake[1]: Entering directory '/home/daniel/Documents/IPMiniProject/CMakeFiles/CMakeTmp'
Building C object CMakeFiles/cmTC_f67df.dir/feature_tests.c.o
/usr/bin/cc   -g2 -O3 -pipe -fPIC -Wformat -Wformat-security -fno-omit-frame-pointer -fexceptions -D_FORTIFY_SOURCE=2 -fstack-protector --param ssp-buffer-size=32 -fasynchronous-unwind-tables -ftree-vectorize -feliminate-unused-debug-types -Wall -Wno-error -Wp,-D_REENTRANT    -std=c11 -o CMakeFiles/cmTC_f67df.dir/feature_tests.c.o   -c /home/daniel/Documents/IPMiniProject/CMakeFiles/feature_tests.c
Linking C executable cmTC_f67df
/usr/bin/cmake -E cmake_link_script CMakeFiles/cmTC_f67df.dir/link.txt --verbose=1
/usr/bin/cc -g2 -O3 -pipe -fPIC -Wformat -Wformat-security -fno-omit-frame-pointer -fexceptions -D_FORTIFY_SOURCE=2 -fstack-protector --param ssp-buffer-size=32 -fasynchronous-unwind-tables -ftree-vectorize -feliminate-unused-debug-types -Wall -Wno-error -Wp,-D_REENTRANT   -Wl,-z,relro -Wl,-z,now  CMakeFiles/cmTC_f67df.dir/feature_tests.c.o  -o cmTC_f67df 
gmake[1]: Leaving directory '/home/daniel/Documents/IPMiniProject/CMakeFiles/CMakeTmp'


    Feature record: C_FEATURE:1c_function_prototypes
    Feature record: C_FEATURE:1c_restrict
    Feature record: C_FEATURE:1c_static_assert
    Feature record: C_FEATURE:1c_variadic_macros


Detecting C [-std=c99] compiler features compiled with the following output:
Change Dir: /home/daniel/Documents/IPMiniProject/CMakeFiles/CMakeTmp

Run Build Command:"/usr/bin/gmake" "cmTC_3fb57/fast"
/usr/bin/gmake -f CMakeFiles/cmTC_3fb57.dir/build.make CMakeFiles/cmTC_3fb57.dir/build
gmake[1]: Entering directory '/home/daniel/Documents/IPMiniProject/CMakeFiles/CMakeTmp'
Building C object CMakeFiles/cmTC_3fb57.dir/feature_tests.c.o
/usr/bin/cc   -g2 -O3 -pipe -fPIC -Wformat -Wformat-security -fno-omit-frame-pointer -fexceptions -D_FORTIFY_SOURCE=2 -fstack-protector --param ssp-buffer-size=32 -fasynchronous-unwind-tables -ftree-vectorize -feliminate-unused-debug-types -Wall -Wno-error -Wp,-D_REENTRANT    -std=c99 -o CMakeFiles/cmTC_3fb57.dir/feature_tests.c.o   -c /home/daniel/Documents/IPMiniProject/CMakeFiles/feature_tests.c
Linking C executable cmTC_3fb57
/usr/bin/cmake -E cmake_link_script CMakeFiles/cmTC_3fb57.dir/link.txt --verbose=1
/usr/bin/cc -g2 -O3 -pipe -fPIC -Wformat -Wformat-security -fno-omit-frame-pointer -fexceptions -D_FORTIFY_SOURCE=2 -fstack-protector --param ssp-buffer-size=32 -fasynchronous-unwind-tables -ftree-vectorize -feliminate-unused-debug-types -Wall -Wno-error -Wp,-D_REENTRANT   -Wl,-z,relro -Wl,-z,now  CMakeFiles/cmTC_3fb57.dir/feature_tests.c.o  -o cmTC_3fb57 
gmake[1]: Leaving directory '/home/daniel/Documents/IPMiniProject/CMakeFiles/CMakeTmp'


    Feature record: C_FEATURE:1c_function_prototypes
    Feature record: C_FEATURE:1c_restrict
    Feature record: C_FEATURE:0c_static_assert
    Feature record: C_FEATURE:1c_variadic_macros


Detecting C [-std=c90] compiler features compiled with the following output:
Change Dir: /home/daniel/Documents/IPMiniProject/CMakeFiles/CMakeTmp

Run Build Command:"/usr/bin/gmake" "cmTC_74499/fast"
/usr/bin/gmake -f CMakeFiles/cmTC_74499.dir/build.make CMakeFiles/cmTC_74499.dir/build
gmake[1]: Entering directory '/home/daniel/Documents/IPMiniProject/CMakeFiles/CMakeTmp'
Building C object CMakeFiles/cmTC_74499.dir/feature_tests.c.o
/usr/bin/cc   -g2 -O3 -pipe -fPIC -Wformat -Wformat-security -fno-omit-frame-pointer -fexceptions -D_FORTIFY_SOURCE=2 -fstack-protector --param ssp-buffer-size=32 -fasynchronous-unwind-tables -ftree-vectorize -feliminate-unused-debug-types -Wall -Wno-error -Wp,-D_REENTRANT    -std=c90 -o CMakeFiles/cmTC_74499.dir/feature_tests.c.o   -c /home/daniel/Documents/IPMiniProject/CMakeFiles/feature_tests.c
Linking C executable cmTC_74499
/usr/bin/cmake -E cmake_link_script CMakeFiles/cmTC_74499.dir/link.txt --verbose=1
/usr/bin/cc -g2 -O3 -pipe -fPIC -Wformat -Wformat-security -fno-omit-frame-pointer -fexceptions -D_FORTIFY_SOURCE=2 -fstack-protector --param ssp-buffer-size=32 -fasynchronous-unwind-tables -ftree-vectorize -feliminate-unused-debug-types -Wall -Wno-error -Wp,-D_REENTRANT   -Wl,-z,relro -Wl,-z,now  CMakeFiles/cmTC_74499.dir/feature_tests.c.o  -o cmTC_74499 
gmake[1]: Leaving directory '/home/daniel/Documents/IPMiniProject/CMakeFiles/CMakeTmp'


    Feature record: C_FEATURE:1c_function_prototypes
    Feature record: C_FEATURE:0c_restrict
    Feature record: C_FEATURE:0c_static_assert
    Feature record: C_FEATURE:0c_variadic_macros
Determining if the CXX compiler works passed with the following output:
Change Dir: /home/daniel/Documents/IPMiniProject/CMakeFiles/CMakeTmp

Run Build Command:"/usr/bin/gmake" "cmTC_76659/fast"
/usr/bin/gmake -f CMakeFiles/cmTC_76659.dir/build.make CMakeFiles/cmTC_76659.dir/build
gmake[1]: Entering directory '/home/daniel/Documents/IPMiniProject/CMakeFiles/CMakeTmp'
Building CXX object CMakeFiles/cmTC_76659.dir/testCXXCompiler.cxx.o
/usr/bin/c++    -g2 -O3 -pipe -fPIC -fno-omit-frame-pointer -fexceptions -D_FORTIFY_SOURCE=2 -fstack-protector --param ssp-buffer-size=32 -fasynchronous-unwind-tables -ftree-vectorize -feliminate-unused-debug-types -Wall -Wno-error -Wp,-D_REENTRANT    -o CMakeFiles/cmTC_76659.dir/testCXXCompiler.cxx.o -c /home/daniel/Documents/IPMiniProject/CMakeFiles/CMakeTmp/testCXXCompiler.cxx
Linking CXX executable cmTC_76659
/usr/bin/cmake -E cmake_link_script CMakeFiles/cmTC_76659.dir/link.txt --verbose=1
/usr/bin/c++  -g2 -O3 -pipe -fPIC -fno-omit-frame-pointer -fexceptions -D_FORTIFY_SOURCE=2 -fstack-protector --param ssp-buffer-size=32 -fasynchronous-unwind-tables -ftree-vectorize -feliminate-unused-debug-types -Wall -Wno-error -Wp,-D_REENTRANT   -Wl,-z,relro -Wl,-z,now  CMakeFiles/cmTC_76659.dir/testCXXCompiler.cxx.o  -o cmTC_76659 
gmake[1]: Leaving directory '/home/daniel/Documents/IPMiniProject/CMakeFiles/CMakeTmp'


Detecting CXX compiler ABI info compiled with the following output:
Change Dir: /home/daniel/Documents/IPMiniProject/CMakeFiles/CMakeTmp

Run Build Command:"/usr/bin/gmake" "cmTC_4699d/fast"
/usr/bin/gmake -f CMakeFiles/cmTC_4699d.dir/build.make CMakeFiles/cmTC_4699d.dir/build
gmake[1]: Entering directory '/home/daniel/Documents/IPMiniProject/CMakeFiles/CMakeTmp'
Building CXX object CMakeFiles/cmTC_4699d.dir/CMakeCXXCompilerABI.cpp.o
/usr/bin/c++    -g2 -O3 -pipe -fPIC -fno-omit-frame-pointer -fexceptions -D_FORTIFY_SOURCE=2 -fstack-protector --param ssp-buffer-size=32 -fasynchronous-unwind-tables -ftree-vectorize -feliminate-unused-debug-types -Wall -Wno-error -Wp,-D_REENTRANT    -o CMakeFiles/cmTC_4699d.dir/CMakeCXXCompilerABI.cpp.o -c /usr/share/cmake-3.8/Modules/CMakeCXXCompilerABI.cpp
Linking CXX executable cmTC_4699d
/usr/bin/cmake -E cmake_link_script CMakeFiles/cmTC_4699d.dir/link.txt --verbose=1
/usr/bin/c++  -g2 -O3 -pipe -fPIC -fno-omit-frame-pointer -fexceptions -D_FORTIFY_SOURCE=2 -fstack-protector --param ssp-buffer-size=32 -fasynchronous-unwind-tables -ftree-vectorize -feliminate-unused-debug-types -Wall -Wno-error -Wp,-D_REENTRANT   -Wl,-z,relro -Wl,-z,now -v CMakeFiles/cmTC_4699d.dir/CMakeCXXCompilerABI.cpp.o  -o cmTC_4699d 
Using built-in specs.
COLLECT_GCC=/usr/bin/c++
COLLECT_LTO_WRAPPER=/usr/lib64/gcc/x86_64-solus-linux/6.4.0/lto-wrapper
Target: x86_64-solus-linux
Configured with: ../gcc-6.4.0/configure --prefix=/usr --with-pkgversion=Solus --libdir=/usr/lib64 --libexecdir=/usr/lib64 --with-system-zlib --enable-shared --enable-threads=posix --enable-gnu-indirect-function --enable-__cxa_atexit --enable-plugin --enable-gold --enable-ld=default --enable-clocale=gnu --enable-multilib --with-multilib-list=m32,m64 --enable-lto --with-bugurl=https://dev.solus-project.com/ --with-arch_32=i686 --enable-linker-build-id --build=x86_64-solus-linux --target=x86_64-solus-linux --enable-languages=c,c++,fortran
Thread model: posix
gcc version 6.4.0 (Solus) 
COMPILER_PATH=/usr/lib64/gcc/x86_64-solus-linux/6.4.0/:/usr/lib64/gcc/x86_64-solus-linux/6.4.0/:/usr/lib64/gcc/x86_64-solus-linux/:/usr/lib64/gcc/x86_64-solus-linux/6.4.0/:/usr/lib64/gcc/x86_64-solus-linux/
LIBRARY_PATH=/usr/lib64/gcc/x86_64-solus-linux/6.4.0/:/usr/lib64/gcc/x86_64-solus-linux/6.4.0/../../../../lib64/:/lib/../lib64/:/usr/lib/../lib64/:/usr/lib64/gcc/x86_64-solus-linux/6.4.0/../../../:/lib/:/usr/lib/
COLLECT_GCC_OPTIONS='-g2' '-O3' '-pipe' '-fPIC' '-fno-omit-frame-pointer' '-fexceptions' '-D' '_FORTIFY_SOURCE=2' '-fstack-protector' '--param' 'ssp-buffer-size=32' '-fasynchronous-unwind-tables' '-ftree-vectorize' '-feliminate-unused-debug-types' '-Wall' '-Wno-error' '-v' '-o' 'cmTC_4699d' '-shared-libgcc' '-mtune=generic' '-march=x86-64'
 /usr/lib64/gcc/x86_64-solus-linux/6.4.0/collect2 -plugin /usr/lib64/gcc/x86_64-solus-linux/6.4.0/liblto_plugin.so -plugin-opt=/usr/lib64/gcc/x86_64-solus-linux/6.4.0/lto-wrapper -plugin-opt=-fresolution=/tmp/ccDVcLay.res -plugin-opt=-pass-through=-lgcc_s -plugin-opt=-pass-through=-lgcc -plugin-opt=-pass-through=-lc -plugin-opt=-pass-through=-lgcc_s -plugin-opt=-pass-through=-lgcc --build-id --eh-frame-hdr -m elf_x86_64 -dynamic-linker /usr/lib64/ld-linux-x86-64.so.2 -o cmTC_4699d /usr/lib64/gcc/x86_64-solus-linux/6.4.0/../../../../lib64/crt1.o /usr/lib64/gcc/x86_64-solus-linux/6.4.0/../../../../lib64/crti.o /usr/lib64/gcc/x86_64-solus-linux/6.4.0/crtbegin.o -L/usr/lib64/gcc/x86_64-solus-linux/6.4.0 -L/usr/lib64/gcc/x86_64-solus-linux/6.4.0/../../../../lib64 -L/lib/../lib64 -L/usr/lib/../lib64 -L/usr/lib64/gcc/x86_64-solus-linux/6.4.0/../../.. -z relro -z now CMakeFiles/cmTC_4699d.dir/CMakeCXXCompilerABI.cpp.o -lstdc++ -lm -lgcc_s -lgcc -lc -lgcc_s -lgcc /usr/lib64/gcc/x86_64-solus-linux/6.4.0/crtend.o /usr/lib64/gcc/x86_64-solus-linux/6.4.0/../../../../lib64/crtn.o
COLLECT_GCC_OPTIONS='-g2' '-O3' '-pipe' '-fPIC' '-fno-omit-frame-pointer' '-fexceptions' '-D' '_FORTIFY_SOURCE=2' '-fstack-protector' '--param' 'ssp-buffer-size=32' '-fasynchronous-unwind-tables' '-ftree-vectorize' '-feliminate-unused-debug-types' '-Wall' '-Wno-error' '-v' '-o' 'cmTC_4699d' '-shared-libgcc' '-mtune=generic' '-march=x86-64'
gmake[1]: Leaving directory '/home/daniel/Documents/IPMiniProject/CMakeFiles/CMakeTmp'


Parsed CXX implicit link information from above output:
  link line regex: [^( *|.*[/\])(ld|([^/\]+-)?ld|collect2)[^/\]*( |$)]
  ignore line: [Change Dir: /home/daniel/Documents/IPMiniProject/CMakeFiles/CMakeTmp]
  ignore line: []
  ignore line: [Run Build Command:"/usr/bin/gmake" "cmTC_4699d/fast"]
  ignore line: [/usr/bin/gmake -f CMakeFiles/cmTC_4699d.dir/build.make CMakeFiles/cmTC_4699d.dir/build]
  ignore line: [gmake[1]: Entering directory '/home/daniel/Documents/IPMiniProject/CMakeFiles/CMakeTmp']
  ignore line: [Building CXX object CMakeFiles/cmTC_4699d.dir/CMakeCXXCompilerABI.cpp.o]
  ignore line: [/usr/bin/c++    -g2 -O3 -pipe -fPIC -fno-omit-frame-pointer -fexceptions -D_FORTIFY_SOURCE=2 -fstack-protector --param ssp-buffer-size=32 -fasynchronous-unwind-tables -ftree-vectorize -feliminate-unused-debug-types -Wall -Wno-error -Wp,-D_REENTRANT    -o CMakeFiles/cmTC_4699d.dir/CMakeCXXCompilerABI.cpp.o -c /usr/share/cmake-3.8/Modules/CMakeCXXCompilerABI.cpp]
  ignore line: [Linking CXX executable cmTC_4699d]
  ignore line: [/usr/bin/cmake -E cmake_link_script CMakeFiles/cmTC_4699d.dir/link.txt --verbose=1]
  ignore line: [/usr/bin/c++  -g2 -O3 -pipe -fPIC -fno-omit-frame-pointer -fexceptions -D_FORTIFY_SOURCE=2 -fstack-protector --param ssp-buffer-size=32 -fasynchronous-unwind-tables -ftree-vectorize -feliminate-unused-debug-types -Wall -Wno-error -Wp,-D_REENTRANT   -Wl,-z,relro -Wl,-z,now -v CMakeFiles/cmTC_4699d.dir/CMakeCXXCompilerABI.cpp.o  -o cmTC_4699d ]
  ignore line: [Using built-in specs.]
  ignore line: [COLLECT_GCC=/usr/bin/c++]
  ignore line: [COLLECT_LTO_WRAPPER=/usr/lib64/gcc/x86_64-solus-linux/6.4.0/lto-wrapper]
  ignore line: [Target: x86_64-solus-linux]
  ignore line: [Configured with: ../gcc-6.4.0/configure --prefix=/usr --with-pkgversion=Solus --libdir=/usr/lib64 --libexecdir=/usr/lib64 --with-system-zlib --enable-shared --enable-threads=posix --enable-gnu-indirect-function --enable-__cxa_atexit --enable-plugin --enable-gold --enable-ld=default --enable-clocale=gnu --enable-multilib --with-multilib-list=m32,m64 --enable-lto --with-bugurl=https://dev.solus-project.com/ --with-arch_32=i686 --enable-linker-build-id --build=x86_64-solus-linux --target=x86_64-solus-linux --enable-languages=c,c++,fortran]
  ignore line: [Thread model: posix]
  ignore line: [gcc version 6.4.0 (Solus) ]
  ignore line: [COMPILER_PATH=/usr/lib64/gcc/x86_64-solus-linux/6.4.0/:/usr/lib64/gcc/x86_64-solus-linux/6.4.0/:/usr/lib64/gcc/x86_64-solus-linux/:/usr/lib64/gcc/x86_64-solus-linux/6.4.0/:/usr/lib64/gcc/x86_64-solus-linux/]
  ignore line: [LIBRARY_PATH=/usr/lib64/gcc/x86_64-solus-linux/6.4.0/:/usr/lib64/gcc/x86_64-solus-linux/6.4.0/../../../../lib64/:/lib/../lib64/:/usr/lib/../lib64/:/usr/lib64/gcc/x86_64-solus-linux/6.4.0/../../../:/lib/:/usr/lib/]
  ignore line: [COLLECT_GCC_OPTIONS='-g2' '-O3' '-pipe' '-fPIC' '-fno-omit-frame-pointer' '-fexceptions' '-D' '_FORTIFY_SOURCE=2' '-fstack-protector' '--param' 'ssp-buffer-size=32' '-fasynchronous-unwind-tables' '-ftree-vectorize' '-feliminate-unused-debug-types' '-Wall' '-Wno-error' '-v' '-o' 'cmTC_4699d' '-shared-libgcc' '-mtune=generic' '-march=x86-64']
  link line: [ /usr/lib64/gcc/x86_64-solus-linux/6.4.0/collect2 -plugin /usr/lib64/gcc/x86_64-solus-linux/6.4.0/liblto_plugin.so -plugin-opt=/usr/lib64/gcc/x86_64-solus-linux/6.4.0/lto-wrapper -plugin-opt=-fresolution=/tmp/ccDVcLay.res -plugin-opt=-pass-through=-lgcc_s -plugin-opt=-pass-through=-lgcc -plugin-opt=-pass-through=-lc -plugin-opt=-pass-through=-lgcc_s -plugin-opt=-pass-through=-lgcc --build-id --eh-frame-hdr -m elf_x86_64 -dynamic-linker /usr/lib64/ld-linux-x86-64.so.2 -o cmTC_4699d /usr/lib64/gcc/x86_64-solus-linux/6.4.0/../../../../lib64/crt1.o /usr/lib64/gcc/x86_64-solus-linux/6.4.0/../../../../lib64/crti.o /usr/lib64/gcc/x86_64-solus-linux/6.4.0/crtbegin.o -L/usr/lib64/gcc/x86_64-solus-linux/6.4.0 -L/usr/lib64/gcc/x86_64-solus-linux/6.4.0/../../../../lib64 -L/lib/../lib64 -L/usr/lib/../lib64 -L/usr/lib64/gcc/x86_64-solus-linux/6.4.0/../../.. -z relro -z now CMakeFiles/cmTC_4699d.dir/CMakeCXXCompilerABI.cpp.o -lstdc++ -lm -lgcc_s -lgcc -lc -lgcc_s -lgcc /usr/lib64/gcc/x86_64-solus-linux/6.4.0/crtend.o /usr/lib64/gcc/x86_64-solus-linux/6.4.0/../../../../lib64/crtn.o]
    arg [/usr/lib64/gcc/x86_64-solus-linux/6.4.0/collect2] ==> ignore
    arg [-plugin] ==> ignore
    arg [/usr/lib64/gcc/x86_64-solus-linux/6.4.0/liblto_plugin.so] ==> ignore
    arg [-plugin-opt=/usr/lib64/gcc/x86_64-solus-linux/6.4.0/lto-wrapper] ==> ignore
    arg [-plugin-opt=-fresolution=/tmp/ccDVcLay.res] ==> ignore
    arg [-plugin-opt=-pass-through=-lgcc_s] ==> ignore
    arg [-plugin-opt=-pass-through=-lgcc] ==> ignore
    arg [-plugin-opt=-pass-through=-lc] ==> ignore
    arg [-plugin-opt=-pass-through=-lgcc_s] ==> ignore
    arg [-plugin-opt=-pass-through=-lgcc] ==> ignore
    arg [--build-id] ==> ignore
    arg [--eh-frame-hdr] ==> ignore
    arg [-m] ==> ignore
    arg [elf_x86_64] ==> ignore
    arg [-dynamic-linker] ==> ignore
    arg [/usr/lib64/ld-linux-x86-64.so.2] ==> ignore
    arg [-o] ==> ignore
    arg [cmTC_4699d] ==> ignore
    arg [/usr/lib64/gcc/x86_64-solus-linux/6.4.0/../../../../lib64/crt1.o] ==> ignore
    arg [/usr/lib64/gcc/x86_64-solus-linux/6.4.0/../../../../lib64/crti.o] ==> ignore
    arg [/usr/lib64/gcc/x86_64-solus-linux/6.4.0/crtbegin.o] ==> ignore
    arg [-L/usr/lib64/gcc/x86_64-solus-linux/6.4.0] ==> dir [/usr/lib64/gcc/x86_64-solus-linux/6.4.0]
    arg [-L/usr/lib64/gcc/x86_64-solus-linux/6.4.0/../../../../lib64] ==> dir [/usr/lib64/gcc/x86_64-solus-linux/6.4.0/../../../../lib64]
    arg [-L/lib/../lib64] ==> dir [/lib/../lib64]
    arg [-L/usr/lib/../lib64] ==> dir [/usr/lib/../lib64]
    arg [-L/usr/lib64/gcc/x86_64-solus-linux/6.4.0/../../..] ==> dir [/usr/lib64/gcc/x86_64-solus-linux/6.4.0/../../..]
    arg [-zrelro] ==> ignore
    arg [-znow] ==> ignore
    arg [CMakeFiles/cmTC_4699d.dir/CMakeCXXCompilerABI.cpp.o] ==> ignore
    arg [-lstdc++] ==> lib [stdc++]
    arg [-lm] ==> lib [m]
    arg [-lgcc_s] ==> lib [gcc_s]
    arg [-lgcc] ==> lib [gcc]
    arg [-lc] ==> lib [c]
    arg [-lgcc_s] ==> lib [gcc_s]
    arg [-lgcc] ==> lib [gcc]
    arg [/usr/lib64/gcc/x86_64-solus-linux/6.4.0/crtend.o] ==> ignore
    arg [/usr/lib64/gcc/x86_64-solus-linux/6.4.0/../../../../lib64/crtn.o] ==> ignore
  remove lib [gcc_s]
  remove lib [gcc]
  remove lib [gcc_s]
  remove lib [gcc]
  collapse library dir [/usr/lib64/gcc/x86_64-solus-linux/6.4.0] ==> [/usr/lib64/gcc/x86_64-solus-linux/6.4.0]
  collapse library dir [/usr/lib64/gcc/x86_64-solus-linux/6.4.0/../../../../lib64] ==> [/usr/lib64]
  collapse library dir [/lib/../lib64] ==> [/lib64]
  collapse library dir [/usr/lib/../lib64] ==> [/usr/lib64]
  collapse library dir [/usr/lib64/gcc/x86_64-solus-linux/6.4.0/../../..] ==> [/usr/lib64]
  implicit libs: [stdc++;m;c]
  implicit dirs: [/usr/lib64/gcc/x86_64-solus-linux/6.4.0;/usr/lib64;/lib64]
  implicit fwks: []




Detecting CXX [-std=c++1z] compiler features compiled with the following output:
Change Dir: /home/daniel/Documents/IPMiniProject/CMakeFiles/CMakeTmp

Run Build Command:"/usr/bin/gmake" "cmTC_bb12b/fast"
/usr/bin/gmake -f CMakeFiles/cmTC_bb12b.dir/build.make CMakeFiles/cmTC_bb12b.dir/build
gmake[1]: Entering directory '/home/daniel/Documents/IPMiniProject/CMakeFiles/CMakeTmp'
Building CXX object CMakeFiles/cmTC_bb12b.dir/feature_tests.cxx.o
/usr/bin/c++    -g2 -O3 -pipe -fPIC -fno-omit-frame-pointer -fexceptions -D_FORTIFY_SOURCE=2 -fstack-protector --param ssp-buffer-size=32 -fasynchronous-unwind-tables -ftree-vectorize -feliminate-unused-debug-types -Wall -Wno-error -Wp,-D_REENTRANT    -std=c++1z -o CMakeFiles/cmTC_bb12b.dir/feature_tests.cxx.o -c /home/daniel/Documents/IPMiniProject/CMakeFiles/feature_tests.cxx
Linking CXX executable cmTC_bb12b
/usr/bin/cmake -E cmake_link_script CMakeFiles/cmTC_bb12b.dir/link.txt --verbose=1
/usr/bin/c++  -g2 -O3 -pipe -fPIC -fno-omit-frame-pointer -fexceptions -D_FORTIFY_SOURCE=2 -fstack-protector --param ssp-buffer-size=32 -fasynchronous-unwind-tables -ftree-vectorize -feliminate-unused-debug-types -Wall -Wno-error -Wp,-D_REENTRANT   -Wl,-z,relro -Wl,-z,now  CMakeFiles/cmTC_bb12b.dir/feature_tests.cxx.o  -o cmTC_bb12b 
gmake[1]: Leaving directory '/home/daniel/Documents/IPMiniProject/CMakeFiles/CMakeTmp'


    Feature record: CXX_FEATURE:1cxx_aggregate_default_initializers
    Feature record: CXX_FEATURE:1cxx_alias_templates
    Feature record: CXX_FEATURE:1cxx_alignas
    Feature record: CXX_FEATURE:1cxx_alignof
    Feature record: CXX_FEATURE:1cxx_attributes
    Feature record: CXX_FEATURE:1cxx_attribute_deprecated
    Feature record: CXX_FEATURE:1cxx_auto_type
    Feature record: CXX_FEATURE:1cxx_binary_literals
    Feature record: CXX_FEATURE:1cxx_constexpr
    Feature record: CXX_FEATURE:1cxx_contextual_conversions
    Feature record: CXX_FEATURE:1cxx_decltype
    Feature record: CXX_FEATURE:1cxx_decltype_auto
    Feature record: CXX_FEATURE:1cxx_decltype_incomplete_return_types
    Feature record: CXX_FEATURE:1cxx_default_function_template_args
    Feature record: CXX_FEATURE:1cxx_defaulted_functions
    Feature record: CXX_FEATURE:1cxx_defaulted_move_initializers
    Feature record: CXX_FEATURE:1cxx_delegating_constructors
    Feature record: CXX_FEATURE:1cxx_deleted_functions
    Feature record: CXX_FEATURE:1cxx_digit_separators
    Feature record: CXX_FEATURE:1cxx_enum_forward_declarations
    Feature record: CXX_FEATURE:1cxx_explicit_conversions
    Feature record: CXX_FEATURE:1cxx_extended_friend_declarations
    Feature record: CXX_FEATURE:1cxx_extern_templates
    Feature record: CXX_FEATURE:1cxx_final
    Feature record: CXX_FEATURE:1cxx_func_identifier
    Feature record: CXX_FEATURE:1cxx_generalized_initializers
    Feature record: CXX_FEATURE:1cxx_generic_lambdas
    Feature record: CXX_FEATURE:1cxx_inheriting_constructors
    Feature record: CXX_FEATURE:1cxx_inline_namespaces
    Feature record: CXX_FEATURE:1cxx_lambdas
    Feature record: CXX_FEATURE:1cxx_lambda_init_captures
    Feature record: CXX_FEATURE:1cxx_local_type_template_args
    Feature record: CXX_FEATURE:1cxx_long_long_type
    Feature record: CXX_FEATURE:1cxx_noexcept
    Feature record: CXX_FEATURE:1cxx_nonstatic_member_init
    Feature record: CXX_FEATURE:1cxx_nullptr
    Feature record: CXX_FEATURE:1cxx_override
    Feature record: CXX_FEATURE:1cxx_range_for
    Feature record: CXX_FEATURE:1cxx_raw_string_literals
    Feature record: CXX_FEATURE:1cxx_reference_qualified_functions
    Feature record: CXX_FEATURE:1cxx_relaxed_constexpr
    Feature record: CXX_FEATURE:1cxx_return_type_deduction
    Feature record: CXX_FEATURE:1cxx_right_angle_brackets
    Feature record: CXX_FEATURE:1cxx_rvalue_references
    Feature record: CXX_FEATURE:1cxx_sizeof_member
    Feature record: CXX_FEATURE:1cxx_static_assert
    Feature record: CXX_FEATURE:1cxx_strong_enums
    Feature record: CXX_FEATURE:1cxx_template_template_parameters
    Feature record: CXX_FEATURE:1cxx_thread_local
    Feature record: CXX_FEATURE:1cxx_trailing_return_types
    Feature record: CXX_FEATURE:1cxx_unicode_literals
    Feature record: CXX_FEATURE:1cxx_uniform_initialization
    Feature record: CXX_FEATURE:1cxx_unrestricted_unions
    Feature record: CXX_FEATURE:1cxx_user_literals
    Feature record: CXX_FEATURE:1cxx_variable_templates
    Feature record: CXX_FEATURE:1cxx_variadic_macros
    Feature record: CXX_FEATURE:1cxx_variadic_templates


Detecting CXX [-std=c++14] compiler features compiled with the following output:
Change Dir: /home/daniel/Documents/IPMiniProject/CMakeFiles/CMakeTmp

Run Build Command:"/usr/bin/gmake" "cmTC_22302/fast"
/usr/bin/gmake -f CMakeFiles/cmTC_22302.dir/build.make CMakeFiles/cmTC_22302.dir/build
gmake[1]: Entering directory '/home/daniel/Documents/IPMiniProject/CMakeFiles/CMakeTmp'
Building CXX object CMakeFiles/cmTC_22302.dir/feature_tests.cxx.o
/usr/bin/c++    -g2 -O3 -pipe -fPIC -fno-omit-frame-pointer -fexceptions -D_FORTIFY_SOURCE=2 -fstack-protector --param ssp-buffer-size=32 -fasynchronous-unwind-tables -ftree-vectorize -feliminate-unused-debug-types -Wall -Wno-error -Wp,-D_REENTRANT    -std=c++14 -o CMakeFiles/cmTC_22302.dir/feature_tests.cxx.o -c /home/daniel/Documents/IPMiniProject/CMakeFiles/feature_tests.cxx
Linking CXX executable cmTC_22302
/usr/bin/cmake -E cmake_link_script CMakeFiles/cmTC_22302.dir/link.txt --verbose=1
/usr/bin/c++  -g2 -O3 -pipe -fPIC -fno-omit-frame-pointer -fexceptions -D_FORTIFY_SOURCE=2 -fstack-protector --param ssp-buffer-size=32 -fasynchronous-unwind-tables -ftree-vectorize -feliminate-unused-debug-types -Wall -Wno-error -Wp,-D_REENTRANT   -Wl,-z,relro -Wl,-z,now  CMakeFiles/cmTC_22302.dir/feature_tests.cxx.o  -o cmTC_22302 
gmake[1]: Leaving directory '/home/daniel/Documents/IPMiniProject/CMakeFiles/CMakeTmp'


    Feature record: CXX_FEATURE:1cxx_aggregate_default_initializers
    Feature record: CXX_FEATURE:1cxx_alias_templates
    Feature record: CXX_FEATURE:1cxx_alignas
    Feature record: CXX_FEATURE:1cxx_alignof
    Feature record: CXX_FEATURE:1cxx_attributes
    Feature record: CXX_FEATURE:1cxx_attribute_deprecated
    Feature record: CXX_FEATURE:1cxx_auto_type
    Feature record: CXX_FEATURE:1cxx_binary_literals
    Feature record: CXX_FEATURE:1cxx_constexpr
    Feature record: CXX_FEATURE:1cxx_contextual_conversions
    Feature record: CXX_FEATURE:1cxx_decltype
    Feature record: CXX_FEATURE:1cxx_decltype_auto
    Feature record: CXX_FEATURE:1cxx_decltype_incomplete_return_types
    Feature record: CXX_FEATURE:1cxx_default_function_template_args
    Feature record: CXX_FEATURE:1cxx_defaulted_functions
    Feature record: CXX_FEATURE:1cxx_defaulted_move_initializers
    Feature record: CXX_FEATURE:1cxx_delegating_constructors
    Feature record: CXX_FEATURE:1cxx_deleted_functions
    Feature record: CXX_FEATURE:1cxx_digit_separators
    Feature record: CXX_FEATURE:1cxx_enum_forward_declarations
    Feature record: CXX_FEATURE:1cxx_explicit_conversions
    Feature record: CXX_FEATURE:1cxx_extended_friend_declarations
    Feature record: CXX_FEATURE:1cxx_extern_templates
    Feature record: CXX_FEATURE:1cxx_final
    Feature record: CXX_FEATURE:1cxx_func_identifier
    Feature record: CXX_FEATURE:1cxx_generalized_initializers
    Feature record: CXX_FEATURE:1cxx_generic_lambdas
    Feature record: CXX_FEATURE:1cxx_inheriting_constructors
    Feature record: CXX_FEATURE:1cxx_inline_namespaces
    Feature record: CXX_FEATURE:1cxx_lambdas
    Feature record: CXX_FEATURE:1cxx_lambda_init_captures
    Feature record: CXX_FEATURE:1cxx_local_type_template_args
    Feature record: CXX_FEATURE:1cxx_long_long_type
    Feature record: CXX_FEATURE:1cxx_noexcept
    Feature record: CXX_FEATURE:1cxx_nonstatic_member_init
    Feature record: CXX_FEATURE:1cxx_nullptr
    Feature record: CXX_FEATURE:1cxx_override
    Feature record: CXX_FEATURE:1cxx_range_for
    Feature record: CXX_FEATURE:1cxx_raw_string_literals
    Feature record: CXX_FEATURE:1cxx_reference_qualified_functions
    Feature record: CXX_FEATURE:1cxx_relaxed_constexpr
    Feature record: CXX_FEATURE:1cxx_return_type_deduction
    Feature record: CXX_FEATURE:1cxx_right_angle_brackets
    Feature record: CXX_FEATURE:1cxx_rvalue_references
    Feature record: CXX_FEATURE:1cxx_sizeof_member
    Feature record: CXX_FEATURE:1cxx_static_assert
    Feature record: CXX_FEATURE:1cxx_strong_enums
    Feature record: CXX_FEATURE:1cxx_template_template_parameters
    Feature record: CXX_FEATURE:1cxx_thread_local
    Feature record: CXX_FEATURE:1cxx_trailing_return_types
    Feature record: CXX_FEATURE:1cxx_unicode_literals
    Feature record: CXX_FEATURE:1cxx_uniform_initialization
    Feature record: CXX_FEATURE:1cxx_unrestricted_unions
    Feature record: CXX_FEATURE:1cxx_user_literals
    Feature record: CXX_FEATURE:1cxx_variable_templates
    Feature record: CXX_FEATURE:1cxx_variadic_macros
    Feature record: CXX_FEATURE:1cxx_variadic_templates


Detecting CXX [-std=c++11] compiler features compiled with the following output:
Change Dir: /home/daniel/Documents/IPMiniProject/CMakeFiles/CMakeTmp

Run Build Command:"/usr/bin/gmake" "cmTC_19670/fast"
/usr/bin/gmake -f CMakeFiles/cmTC_19670.dir/build.make CMakeFiles/cmTC_19670.dir/build
gmake[1]: Entering directory '/home/daniel/Documents/IPMiniProject/CMakeFiles/CMakeTmp'
Building CXX object CMakeFiles/cmTC_19670.dir/feature_tests.cxx.o
/usr/bin/c++    -g2 -O3 -pipe -fPIC -fno-omit-frame-pointer -fexceptions -D_FORTIFY_SOURCE=2 -fstack-protector --param ssp-buffer-size=32 -fasynchronous-unwind-tables -ftree-vectorize -feliminate-unused-debug-types -Wall -Wno-error -Wp,-D_REENTRANT    -std=c++11 -o CMakeFiles/cmTC_19670.dir/feature_tests.cxx.o -c /home/daniel/Documents/IPMiniProject/CMakeFiles/feature_tests.cxx
Linking CXX executable cmTC_19670
/usr/bin/cmake -E cmake_link_script CMakeFiles/cmTC_19670.dir/link.txt --verbose=1
/usr/bin/c++  -g2 -O3 -pipe -fPIC -fno-omit-frame-pointer -fexceptions -D_FORTIFY_SOURCE=2 -fstack-protector --param ssp-buffer-size=32 -fasynchronous-unwind-tables -ftree-vectorize -feliminate-unused-debug-types -Wall -Wno-error -Wp,-D_REENTRANT   -Wl,-z,relro -Wl,-z,now  CMakeFiles/cmTC_19670.dir/feature_tests.cxx.o  -o cmTC_19670 
gmake[1]: Leaving directory '/home/daniel/Documents/IPMiniProject/CMakeFiles/CMakeTmp'


    Feature record: CXX_FEATURE:0cxx_aggregate_default_initializers
    Feature record: CXX_FEATURE:1cxx_alias_templates
    Feature record: CXX_FEATURE:1cxx_alignas
    Feature record: CXX_FEATURE:1cxx_alignof
    Feature record: CXX_FEATURE:1cxx_attributes
    Feature record: CXX_FEATURE:0cxx_attribute_deprecated
    Feature record: CXX_FEATURE:1cxx_auto_type
    Feature record: CXX_FEATURE:0cxx_binary_literals
    Feature record: CXX_FEATURE:1cxx_constexpr
    Feature record: CXX_FEATURE:0cxx_contextual_conversions
    Feature record: CXX_FEATURE:1cxx_decltype
    Feature record: CXX_FEATURE:0cxx_decltype_auto
    Feature record: CXX_FEATURE:1cxx_decltype_incomplete_return_types
    Feature record: CXX_FEATURE:1cxx_default_function_template_args
    Feature record: CXX_FEATURE:1cxx_defaulted_functions
    Feature record: CXX_FEATURE:1cxx_defaulted_move_initializers
    Feature record: CXX_FEATURE:1cxx_delegating_constructors
    Feature record: CXX_FEATURE:1cxx_deleted_functions
    Feature record: CXX_FEATURE:0cxx_digit_separators
    Feature record: CXX_FEATURE:1cxx_enum_forward_declarations
    Feature record: CXX_FEATURE:1cxx_explicit_conversions
    Feature record: CXX_FEATURE:1cxx_extended_friend_declarations
    Feature record: CXX_FEATURE:1cxx_extern_templates
    Feature record: CXX_FEATURE:1cxx_final
    Feature record: CXX_FEATURE:1cxx_func_identifier
    Feature record: CXX_FEATURE:1cxx_generalized_initializers
    Feature record: CXX_FEATURE:0cxx_generic_lambdas
    Feature record: CXX_FEATURE:1cxx_inheriting_constructors
    Feature record: CXX_FEATURE:1cxx_inline_namespaces
    Feature record: CXX_FEATURE:1cxx_lambdas
    Feature record: CXX_FEATURE:0cxx_lambda_init_captures
    Feature record: CXX_FEATURE:1cxx_local_type_template_args
    Feature record: CXX_FEATURE:1cxx_long_long_type
    Feature record: CXX_FEATURE:1cxx_noexcept
    Feature record: CXX_FEATURE:1cxx_nonstatic_member_init
    Feature record: CXX_FEATURE:1cxx_nullptr
    Feature record: CXX_FEATURE:1cxx_override
    Feature record: CXX_FEATURE:1cxx_range_for
    Feature record: CXX_FEATURE:1cxx_raw_string_literals
    Feature record: CXX_FEATURE:1cxx_reference_qualified_functions
    Feature record: CXX_FEATURE:0cxx_relaxed_constexpr
    Feature record: CXX_FEATURE:0cxx_return_type_deduction
    Feature record: CXX_FEATURE:1cxx_right_angle_brackets
    Feature record: CXX_FEATURE:1cxx_rvalue_references
    Feature record: CXX_FEATURE:1cxx_sizeof_member
    Feature record: CXX_FEATURE:1cxx_static_assert
    Feature record: CXX_FEATURE:1cxx_strong_enums
    Feature record: CXX_FEATURE:1cxx_template_template_parameters
    Feature record: CXX_FEATURE:1cxx_thread_local
    Feature record: CXX_FEATURE:1cxx_trailing_return_types
    Feature record: CXX_FEATURE:1cxx_unicode_literals
    Feature record: CXX_FEATURE:1cxx_uniform_initialization
    Feature record: CXX_FEATURE:1cxx_unrestricted_unions
    Feature record: CXX_FEATURE:1cxx_user_literals
    Feature record: CXX_FEATURE:0cxx_variable_templates
    Feature record: CXX_FEATURE:1cxx_variadic_macros
    Feature record: CXX_FEATURE:1cxx_variadic_templates


Detecting CXX [-std=c++98] compiler features compiled with the following output:
Change Dir: /home/daniel/Documents/IPMiniProject/CMakeFiles/CMakeTmp

Run Build Command:"/usr/bin/gmake" "cmTC_a821e/fast"
/usr/bin/gmake -f CMakeFiles/cmTC_a821e.dir/build.make CMakeFiles/cmTC_a821e.dir/build
gmake[1]: Entering directory '/home/daniel/Documents/IPMiniProject/CMakeFiles/CMakeTmp'
Building CXX object CMakeFiles/cmTC_a821e.dir/feature_tests.cxx.o
/usr/bin/c++    -g2 -O3 -pipe -fPIC -fno-omit-frame-pointer -fexceptions -D_FORTIFY_SOURCE=2 -fstack-protector --param ssp-buffer-size=32 -fasynchronous-unwind-tables -ftree-vectorize -feliminate-unused-debug-types -Wall -Wno-error -Wp,-D_REENTRANT    -std=c++98 -o CMakeFiles/cmTC_a821e.dir/feature_tests.cxx.o -c /home/daniel/Documents/IPMiniProject/CMakeFiles/feature_tests.cxx
Linking CXX executable cmTC_a821e
/usr/bin/cmake -E cmake_link_script CMakeFiles/cmTC_a821e.dir/link.txt --verbose=1
/usr/bin/c++  -g2 -O3 -pipe -fPIC -fno-omit-frame-pointer -fexceptions -D_FORTIFY_SOURCE=2 -fstack-protector --param ssp-buffer-size=32 -fasynchronous-unwind-tables -ftree-vectorize -feliminate-unused-debug-types -Wall -Wno-error -Wp,-D_REENTRANT   -Wl,-z,relro -Wl,-z,now  CMakeFiles/cmTC_a821e.dir/feature_tests.cxx.o  -o cmTC_a821e 
gmake[1]: Leaving directory '/home/daniel/Documents/IPMiniProject/CMakeFiles/CMakeTmp'


    Feature record: CXX_FEATURE:0cxx_aggregate_default_initializers
    Feature record: CXX_FEATURE:0cxx_alias_templates
    Feature record: CXX_FEATURE:0cxx_alignas
    Feature record: CXX_FEATURE:0cxx_alignof
    Feature record: CXX_FEATURE:0cxx_attributes
    Feature record: CXX_FEATURE:0cxx_attribute_deprecated
    Feature record: CXX_FEATURE:0cxx_auto_type
    Feature record: CXX_FEATURE:0cxx_binary_literals
    Feature record: CXX_FEATURE:0cxx_constexpr
    Feature record: CXX_FEATURE:0cxx_contextual_conversions
    Feature record: CXX_FEATURE:0cxx_decltype
    Feature record: CXX_FEATURE:0cxx_decltype_auto
    Feature record: CXX_FEATURE:0cxx_decltype_incomplete_return_types
    Feature record: CXX_FEATURE:0cxx_default_function_template_args
    Feature record: CXX_FEATURE:0cxx_defaulted_functions
    Feature record: CXX_FEATURE:0cxx_defaulted_move_initializers
    Feature record: CXX_FEATURE:0cxx_delegating_constructors
    Feature record: CXX_FEATURE:0cxx_deleted_functions
    Feature record: CXX_FEATURE:0cxx_digit_separators
    Feature record: CXX_FEATURE:0cxx_enum_forward_declarations
    Feature record: CXX_FEATURE:0cxx_explicit_conversions
    Feature record: CXX_FEATURE:0cxx_extended_friend_declarations
    Feature record: CXX_FEATURE:0cxx_extern_templates
    Feature record: CXX_FEATURE:0cxx_final
    Feature record: CXX_FEATURE:0cxx_func_identifier
    Feature record: CXX_FEATURE:0cxx_generalized_initializers
    Feature record: CXX_FEATURE:0cxx_generic_lambdas
    Feature record: CXX_FEATURE:0cxx_inheriting_constructors
    Feature record: CXX_FEATURE:0cxx_inline_namespaces
    Feature record: CXX_FEATURE:0cxx_lambdas
    Feature record: CXX_FEATURE:0cxx_lambda_init_captures
    Feature record: CXX_FEATURE:0cxx_local_type_template_args
    Feature record: CXX_FEATURE:0cxx_long_long_type
    Feature record: CXX_FEATURE:0cxx_noexcept
    Feature record: CXX_FEATURE:0cxx_nonstatic_member_init
    Feature record: CXX_FEATURE:0cxx_nullptr
    Feature record: CXX_FEATURE:0cxx_override
    Feature record: CXX_FEATURE:0cxx_range_for
    Feature record: CXX_FEATURE:0cxx_raw_string_literals
    Feature record: CXX_FEATURE:0cxx_reference_qualified_functions
    Feature record: CXX_FEATURE:0cxx_relaxed_constexpr
    Feature record: CXX_FEATURE:0cxx_return_type_deduction
    Feature record: CXX_FEATURE:0cxx_right_angle_brackets
    Feature record: CXX_FEATURE:0cxx_rvalue_references
    Feature record: CXX_FEATURE:0cxx_sizeof_member
    Feature record: CXX_FEATURE:0cxx_static_assert
    Feature record: CXX_FEATURE:0cxx_strong_enums
    Feature record: CXX_FEATURE:1cxx_template_template_parameters
    Feature record: CXX_FEATURE:0cxx_thread_local
    Feature record: CXX_FEATURE:0cxx_trailing_return_types
    Feature record: CXX_FEATURE:0cxx_unicode_literals
    Feature record: CXX_FEATURE:0cxx_uniform_initialization
    Feature record: CXX_FEATURE:0cxx_unrestricted_unions
    Feature record: CXX_FEATURE:0cxx_user_literals
    Feature record: CXX_FEATURE:0cxx_variable_templates
    Feature record: CXX_FEATURE:0cxx_variadic_macros
    Feature record: CXX_FEATURE:0cxx_variadic_templates
